[debug] [2026-05-27T09:05:10.265Z] ----------------------------------------------------------------------
[debug] [2026-05-27T09:05:10.266Z] Command:       /Users/ariel/.nvm/versions/node/v24.14.0/bin/node /Users/ariel/Developer/next-tutor/site/node_modules/.bin/firebase deploy --only hosting
[debug] [2026-05-27T09:05:10.266Z] CLI Version:   14.27.0
[debug] [2026-05-27T09:05:10.266Z] Platform:      darwin
[debug] [2026-05-27T09:05:10.266Z] Node Version:  v24.14.0
[debug] [2026-05-27T09:05:10.267Z] Time:          Wed May 27 2026 12:05:10 GMT+0300 (Israel Daylight Time)
[debug] [2026-05-27T09:05:10.267Z] ----------------------------------------------------------------------
[debug] 
[debug] [2026-05-27T09:05:10.267Z] >>> [apiv2][query] GET https://firebase-public.firebaseio.com/cli.json [none]
[debug] [2026-05-27T09:05:10.381Z] > command requires scopes: ["email","openid","https://www.googleapis.com/auth/cloudplatformprojects.readonly","https://www.googleapis.com/auth/firebase","https://www.googleapis.com/auth/cloud-platform"]
[debug] [2026-05-27T09:05:10.381Z] > authorizing via signed-in user (shaul.mazor@gmail.com)
[debug] [2026-05-27T09:05:10.381Z] [iam] checking project tutorna-222605 for permissions ["firebase.projects.get","firebasehosting.sites.update"]
[debug] [2026-05-27T09:05:10.381Z] Checked if tokens are valid: false, expires at: 1779297372888
[debug] [2026-05-27T09:05:10.381Z] Checked if tokens are valid: false, expires at: 1779297372888
[debug] [2026-05-27T09:05:10.382Z] > refreshing access token with scopes: []
[debug] [2026-05-27T09:05:10.382Z] >>> [apiv2][query] POST https://www.googleapis.com/oauth2/v3/token [none]
[debug] [2026-05-27T09:05:10.382Z] >>> [apiv2][body] POST https://www.googleapis.com/oauth2/v3/token [omitted]
[debug] [2026-05-27T09:05:10.565Z] <<< [apiv2][status] POST https://www.googleapis.com/oauth2/v3/token 200
[debug] [2026-05-27T09:05:10.565Z] <<< [apiv2][body] POST https://www.googleapis.com/oauth2/v3/token [omitted]
[debug] [2026-05-27T09:05:10.579Z] >>> [apiv2][query] POST https://cloudresourcemanager.googleapis.com/v1/projects/tutorna-222605:testIamPermissions [none]
[debug] [2026-05-27T09:05:10.579Z] >>> [apiv2][(partial)header] POST https://cloudresourcemanager.googleapis.com/v1/projects/tutorna-222605:testIamPermissions x-goog-quota-user=projects/tutorna-222605
[debug] [2026-05-27T09:05:10.579Z] >>> [apiv2][body] POST https://cloudresourcemanager.googleapis.com/v1/projects/tutorna-222605:testIamPermissions {"permissions":["firebase.projects.get","firebasehosting.sites.update"]}
[debug] [2026-05-27T09:05:10.774Z] <<< [apiv2][status] GET https://firebase-public.firebaseio.com/cli.json 200
[debug] [2026-05-27T09:05:10.775Z] <<< [apiv2][body] GET https://firebase-public.firebaseio.com/cli.json {"cloudBuildErrorAfter":1594252800000,"cloudBuildWarnAfter":1590019200000,"defaultNode10After":1594252800000,"minVersion":"3.0.5","node8DeploysDisabledAfter":1613390400000,"node8RuntimeDisabledAfter":1615809600000,"node8WarnAfter":1600128000000}
[debug] [2026-05-27T09:05:11.615Z] <<< [apiv2][status] POST https://cloudresourcemanager.googleapis.com/v1/projects/tutorna-222605:testIamPermissions 200
[debug] [2026-05-27T09:05:11.615Z] <<< [apiv2][body] POST https://cloudresourcemanager.googleapis.com/v1/projects/tutorna-222605:testIamPermissions {"permissions":["firebase.projects.get","firebasehosting.sites.update"]}
[debug] [2026-05-27T09:05:11.616Z] Checked if tokens are valid: true, expires at: 1779876309566
[debug] [2026-05-27T09:05:11.616Z] Checked if tokens are valid: true, expires at: 1779876309566
[debug] [2026-05-27T09:05:11.616Z] >>> [apiv2][query] GET https://firebase.googleapis.com/v1beta1/projects/tutorna-222605 [none]
[debug] [2026-05-27T09:05:12.095Z] <<< [apiv2][status] GET https://firebase.googleapis.com/v1beta1/projects/tutorna-222605 200
[debug] [2026-05-27T09:05:12.095Z] <<< [apiv2][body] GET https://firebase.googleapis.com/v1beta1/projects/tutorna-222605 {"projectId":"tutorna-222605","projectNumber":"1014497192807","displayName":"Next Tutor","name":"projects/tutorna-222605","resources":{"hostingSite":"tutorna-222605","realtimeDatabaseInstance":"tutorna-222605","locationId":"us-central"},"state":"ACTIVE","etag":"1_2bca7694-064d-417d-9692-98391d876969"}
[info] 
[info] === Deploying to 'tutorna-222605'...
[info] 
[info] i  deploying hosting 
[info] Running command: npm run build
[info] ✔  hosting: Finished running predeploy script. 
[debug] [2026-05-27T09:05:13.088Z] Checked if tokens are valid: true, expires at: 1779876309566
[debug] [2026-05-27T09:05:13.088Z] Checked if tokens are valid: true, expires at: 1779876309566
[debug] [2026-05-27T09:05:13.088Z] >>> [apiv2][query] POST https://firebasehosting.googleapis.com/v1beta1/projects/-/sites/tutorna-222605/versions [none]
[debug] [2026-05-27T09:05:13.088Z] >>> [apiv2][body] POST https://firebasehosting.googleapis.com/v1beta1/projects/-/sites/tutorna-222605/versions {"status":"CREATED","labels":{"deployment-tool":"cli-firebase"}}
